2023-05-27T02:08:37+00:00 DEBUG tt4b_product_sync: missing access token for tt4b_product_sync
2023-05-27T02:08:37+00:00 DEBUG tt4b_product_sync: missing access token for tt4b_product_sync
2023-05-27T02:08:37+00:00 DEBUG tt4b_product_sync: missing access token for tt4b_product_sync
2023-05-27T02:08:37+00:00 DEBUG tt4b_product_sync: missing access token for tt4b_product_sync
2023-05-27T02:08:37+00:00 DEBUG tt4b_product_sync: missing access token for tt4b_product_sync
2023-05-27T02:08:37+00:00 DEBUG tt4b_product_sync: missing access token for tt4b_product_sync
2023-05-27T02:08:38+00:00 DEBUG tt4b_product_sync: missing access token for tt4b_product_sync
2023-05-27T02:08:38+00:00 DEBUG tt4b_product_sync: missing access token for tt4b_product_sync
2023-05-27T02:08:38+00:00 DEBUG tt4b_product_sync: missing access token for tt4b_product_sync
2023-05-27T02:08:38+00:00 DEBUG tt4b_product_sync: missing access token for tt4b_product_sync
2023-05-27T02:08:38+00:00 DEBUG tt4b_product_sync: missing access token for tt4b_product_sync
2023-05-27T02:08:39+00:00 DEBUG tt4b_product_sync: missing access token for tt4b_product_sync
2023-05-27T02:08:39+00:00 DEBUG tt4b_product_sync: missing access token for tt4b_product_sync
2023-05-27T02:08:59+00:00 DEBUG tt4b_product_sync: missing access token for tt4b_product_sync
2023-05-27T02:09:22+00:00 DEBUG tt4b_product_sync: missing access token for tt4b_product_sync
2023-05-27T02:10:36+00:00 DEBUG tt4b_product_sync: missing access token for tt4b_product_sync
2023-05-27T02:11:05+00:00 DEBUG tt4b_product_sync: missing access token for tt4b_product_sync
2023-05-27T02:11:12+00:00 DEBUG Tt4b_Pixel_Class::inject_view_content_event: hit injectViewContentEvent
2023-05-27T02:11:12+00:00 DEBUG Tt4b_Pixel_Class::inject_view_content_event: Missing option "access_token"
2023-05-27T02:11:51+00:00 DEBUG tt4b_product_sync: missing access token for tt4b_product_sync
2023-05-27T02:12:22+00:00 DEBUG tt4b_product_sync: missing access token for tt4b_product_sync
2023-05-27T02:13:46+00:00 DEBUG tt4b_product_sync: missing access token for tt4b_product_sync
2023-05-27T02:14:12+00:00 DEBUG Tt4b_Pixel_Class::inject_view_content_event: hit injectViewContentEvent
2023-05-27T02:14:12+00:00 DEBUG Tt4b_Pixel_Class::inject_view_content_event: Missing option "access_token"
2023-05-27T02:15:34+00:00 DEBUG tt4b_product_sync: missing access token for tt4b_product_sync
2023-05-27T02:15:50+00:00 DEBUG Tt4b_Pixel_Class::inject_view_content_event: hit injectViewContentEvent
2023-05-27T02:15:50+00:00 DEBUG Tt4b_Pixel_Class::inject_view_content_event: Missing option "access_token"
2023-05-27T02:18:13+00:00 DEBUG Tt4b_Pixel_Class::inject_add_to_cart_event: hit injectAddToCartEvent
2023-05-27T02:18:13+00:00 DEBUG Tt4b_Pixel_Class::inject_add_to_cart_event: Missing option "access_token"
2023-05-27T02:18:14+00:00 DEBUG Tt4b_Pixel_Class::inject_view_content_event: hit injectViewContentEvent
2023-05-27T02:18:14+00:00 DEBUG Tt4b_Pixel_Class::inject_view_content_event: Missing option "access_token"
2023-05-27T02:19:14+00:00 DEBUG Tt4b_Pixel_Class::inject_view_content_event: hit injectViewContentEvent
2023-05-27T02:19:14+00:00 DEBUG Tt4b_Pixel_Class::inject_view_content_event: Missing option "access_token"
2023-05-27T02:19:39+00:00 DEBUG Tt4b_Pixel_Class::inject_view_content_event: hit injectViewContentEvent
2023-05-27T02:19:39+00:00 DEBUG Tt4b_Pixel_Class::inject_view_content_event: Missing option "access_token"
2023-05-27T02:19:46+00:00 DEBUG Tt4b_Pixel_Class::inject_view_content_event: hit injectViewContentEvent
2023-05-27T02:19:46+00:00 DEBUG Tt4b_Pixel_Class::inject_view_content_event: Missing option "access_token"
2023-05-27T02:20:38+00:00 DEBUG Tt4b_Pixel_Class::inject_view_content_event: hit injectViewContentEvent
2023-05-27T02:20:38+00:00 DEBUG Tt4b_Pixel_Class::inject_view_content_event: Missing option "access_token"
2023-05-27T02:26:11+00:00 DEBUG Tt4b_Pixel_Class::inject_view_content_event: hit injectViewContentEvent
2023-05-27T02:26:11+00:00 DEBUG Tt4b_Pixel_Class::inject_view_content_event: Missing option "access_token"
2023-05-27T13:36:25+00:00 DEBUG Tt4b_Pixel_Class::inject_view_content_event: hit injectViewContentEvent
2023-05-27T13:36:25+00:00 DEBUG Tt4b_Pixel_Class::inject_view_content_event: Missing option "access_token"
2023-05-27T13:38:54+00:00 DEBUG Tt4b_Pixel_Class::inject_view_content_event: hit injectViewContentEvent
2023-05-27T13:38:54+00:00 DEBUG Tt4b_Pixel_Class::inject_view_content_event: Missing option "access_token"
